<?xml version="1.0" encoding="UTF-8"?>
<robot generator="Robot 7.3.2 (Python 3.14.0 on win32)" generated="2025-11-07T14:52:03.495766" rpa="false" schemaversion="5">
<suite id="s1" name="Test Tvmaze Breaking Bad" source="c:\Users\Michael Lee Hee\Documents\tv-maze api test\tests\test_tvmaze_breaking_bad.robot">
<test id="s1-t1" name="Verify Breaking Bad Show URL Contains Show ID" line="5">
<kw name="Create TVMaze Session" owner="keywords_tvmaze">
<kw name="Create Session" owner="RequestsLibrary">
<msg time="2025-11-07T14:52:03.815574" level="INFO">Creating Session using : alias=tvmaze, url=https://api.tvmaze.com, headers={},                     cookies={}, auth=None, timeout=None, proxies=None, verify=False,                     debug=0 </msg>
<arg>tvmaze</arg>
<arg>${TVMAZE_BASE}</arg>
<doc>Create Session: create a HTTP session to a server</doc>
<status status="PASS" start="2025-11-07T14:52:03.814178" elapsed="0.009370"/>
</kw>
<status status="PASS" start="2025-11-07T14:52:03.811877" elapsed="0.012408"/>
</kw>
<kw name="Search Show" owner="keywords_tvmaze">
<kw name="Create Dictionary" owner="BuiltIn">
<msg time="2025-11-07T14:52:03.830068" level="INFO">${params} = {'q': 'breaking bad'}</msg>
<var>${params}</var>
<arg>q=${query}</arg>
<doc>Creates and returns a dictionary based on the given ``items``.</doc>
<status status="PASS" start="2025-11-07T14:52:03.827760" elapsed="0.003060"/>
</kw>
<kw name="GET On Session" owner="RequestsLibrary">
<msg time="2025-11-07T14:52:04.214800" level="INFO">GET Request : url=https://api.tvmaze.com/search/shows?q=breaking+bad 
 path_url=/search/shows?q=breaking+bad 
 headers={'User-Agent': 'python-requests/2.32.5', 'Accept-Encoding': 'gzip, deflate, zstd', 'Accept': '*/*', 'Connection': 'keep-alive'} 
 body=None 
 </msg>
<msg time="2025-11-07T14:52:04.215381" level="INFO">GET Response : url=https://api.tvmaze.com/search/shows?q=breaking+bad 
 status=200, reason=OK 
 headers={'Server': 'nginx/1.24.0 (Ubuntu)', 'Date': 'Fri, 07 Nov 2025 13:52:03 GMT', 'Content-Type': 'application/json; charset=UTF-8', 'Transfer-Encoding': 'chunked', 'Connection': 'keep-alive', 'Vary': 'Accept-Encoding', 'Access-Control-Allow-Origin': '*', 'Cache-Control': 'public, max-age=3600', 'Content-Encoding': 'gzip'} 
 body=[{"score":1.201765,"show":{"id":169,"url":"https://www.tvmaze.com/shows/169/breaking-bad","name":"Breaking Bad","type":"Scripted","language":"English","genres":["Drama","Crime","Thriller"],"status":"Ended","runtime":60,"averageRuntime":60,"premiered":"2008-01-20","ended":"2019-10-11","officialSite":"http://www.amc.com/shows/breaking-bad","schedule":{"time":"22:00","days":["Sunday"]},"rating":{"average":9.2},"weight":98,"network":{"id":20,"name":"AMC","country":{"name":"United States","code":"US","timezone":"America/New_York"},"officialSite":null},"webChannel":null,"dvdCountry":null,"externals":{"tvrage":18164,"thetvdb":81189,"imdb":"tt0903747"},"image":{"medium":"https://static.tvmaze.com/uploads/images/medium_portrait/501/1253519.jpg","original":"https://static.tvmaze.com/uploads/images/original_untouched/501/1253519.jpg"},"summary":"&lt;p&gt;&lt;b&gt;Breaking Bad&lt;/b&gt; follows protagonist Walter White, a chemistry teacher who lives in New Mexico with his wife and teenage son who has cerebral palsy. White is diagnosed with Stage III cancer and given a prognosis of two years left to live. With a new sense of fearlessness based on his medical prognosis, and a desire to secure his family's financial security, White chooses to enter a dangerous world of drugs and crime and ascends to power in this world. The series explores how a fatal diagnosis such as White's releases a typical man from the daily concerns and constraints of normal society and follows his transformation from mild family man to a kingpin of the drug trade.&lt;/p&gt;","updated":1758320323,"_links":{"self":{"href":"https://api.tvmaze.com/shows/169"},"previousepisode":{"href":"https://api.tvmaze.com/episodes/2007806","name":"El Camino: A Breaking Bad Movie"}}}},{"score":0.88803726,"show":{"id":27845,"url":"https://www.tvmaze.com/shows/27845/breaking-bad-original-minisodes","name":"Breaking Bad: Original Minisodes","type":"Scripted","language":"English","genres":["Comedy","Crime"],"status":"Ended","runtime":5,"averageRuntime":5,"premiered":"2009-02-17","ended":"2011-07-11","officialSite":"https://www.amc.com/shows/breaking-bad/talk/2009/02/original-minisodes#:~:text=Now%20you%20can%20watch%20five,and%20Matt%20Jones%20(Badger).","schedule":{"time":"","days":[]},"rating":{"average":7},"weight":62,"network":{"id":20,"name":"AMC","country":{"name":"United States","code":"US","timezone":"America/New_York"},"officialSite":null},"webChannel":{"id":142,"name":"AMC.com","country":{"name":"United States","code":"US","timezone":"America/New_York"},"officialSite":"https://www.amc.com/"},"dvdCountry":null,"externals":{"tvrage":null,"thetvdb":356427,"imdb":"tt2387761"},"image":{"medium":"https://static.tvmaze.com/uploads/images/medium_portrait/216/540867.jpg","original":"https://static.tvmaze.com/uploads/images/original_untouched/216/540867.jpg"},"summary":"&lt;p&gt;Watch Hank and Marie as they celebrate Valentine's Day in the bedroom in \"Good Cop, Bad Cop\". View a flashback to Hank and Marie's wedding as the groom discusses with Walt his last wild night as a bachelor in \"Wedding Day\". Go inside Jesse's band TwaughtHammer as he and Badger make a behind-the-music documentary, and sing along to the full music video for their song \"Fallacies\". Finally, watch Marie discuss politics and patriotism in her personal video diary, \"Marie's Confession\".&lt;/p&gt;","updated":1593271415,"_links":{"self":{"href":"https://api.tvmaze.com/shows/27845"},"previousepisode":{"href":"https://api.tvmaze.com/episodes/1163344","name":"Fighting for You"}}}},{"score":0.5142908,"show":{"id":1003,"url":"https://www.tvmaze.com/shows/1003/talking-bad","name":"Talking Bad","type":"Talk Show","language":"English","genres":[],"status":"Ended","runtime":30,"averageRuntime":30,"premiered":"2013-08-11","ended":"2013-09-29","officialSite":null,"schedule":{"time":"23:05","days":["Sunday"]},"rating":{"average":null},"weight":45,"network":{"id":20,"name":"AMC","country":{"name":"United States","code":"US","timezone":"America/New_York"},"officialSite":null},"webChannel":null,"dvdCountry":null,"externals":{"tvrage":36082,"thetvdb":272219,"imdb":"tt3115468"},"image":{"medium":"https://static.tvmaze.com/uploads/images/medium_portrait/6/16586.jpg","original":"https://static.tvmaze.com/uploads/images/original_untouched/6/16586.jpg"},"summary":"&lt;p&gt;&lt;b&gt;Talking Bad&lt;/b&gt; features Hardwick spending time with fans, actors, producers and tv enthusiasts, recapping the most recent &lt;i&gt;Breaking Bad&lt;/i&gt; episode, and taking questions and comments from viewers. Fans may continue to engage with the after-show following the on-air conclusion, online, at amc.com for more videos, weekly polls and photo galleries of the guests featured on the series.&lt;/p&gt;","updated":1574619853,"_links":{"self":{"href":"https://api.tvmaze.com/shows/1003"},"previousepisode":{"href":"https://api.tvmaze.com/episodes/98903","name":"Felina"}}}},{"score":0.47625405,"show":{"id":6101,"url":"https://www.tvmaze.com/shows/6101/breaking-band","name":"Breaking Band","type":"Reality","language":"English","genres":["Music"],"status":"Ended","runtime":30,"averageRuntime":30,"premiered":"2016-01-24","ended":"2016-02-28","officialSite":"http://breakingband.com","schedule":{"time":"21:30","days":["Sunday"]},"rating":{"average":null},"weight":31,"network":{"id":170,"name":"AXS TV","country":{"name":"United States","code":"US","timezone":"America/New_York"},"officialSite":null},"webChannel":null,"dvdCountry":null,"externals":{"tvrage":null,"thetvdb":306432,"imdb":"tt4854852"},"image":{"medium":"https://static.tvmaze.com/uploads/images/medium_portrait/23/59291.jpg","original":"https://static.tvmaze.com/uploads/images/original_untouched/23/59291.jpg"},"summary":"&lt;p&gt;&lt;b&gt;Breaking Band&lt;/b&gt; places legendary musical artists into the role of mentors, pairing them with up-and-coming artists for a once in a lifetime collaboration. This seasons mentors are musician and TV personality Mark McGrath (Sugar Ray), pop queen Belinda Carlisle (The Go-Go's), rock legend Robin Zander (Cheap Trick), award winning producer and techno icon Moby, metal master Sebastian Bach (Skid Row), and guitar idol Dave Navarro (Janes Addiction).&lt;/p&gt;&lt;p&gt;As mentors, their role is to share advice and to support the breaking artists debut live performance – potentially even taking the stage to join them for the encore to make broadcast history.Each episode of Breaking Band features emerging artists whom are mentored by musical legends as they take the stage for the biggest show of their career!&lt;/p&gt;","updated":1627133994,"_links":{"self":{"href":"https://api.tvmaze.com/shows/6101"},"previousepisode":{"href":"https://api.tvmaze.com/episodes/623356","name":"Mark McGrath &amp; Stick Figure"}}}},{"score":0.45323047,"show":{"id":87555,"url":"https://www.tvmaze.com/shows/87555/the-bad-guys-breaking-in","name":"The Bad Guys: Breaking In","type":"Animation","language":"English","genres":["Comedy","Children"],"status":"To Be Determined","runtime":null,"averageRuntime":25,"premiered":"2025-11-06","ended":null,"officialSite":"https://www.netflix.com/title/81488214","schedule":{"time":"","days":[]},"rating":{"average":null},"weight":92,"network":null,"webChannel":{"id":1,"name":"Netflix","country":null,"officialSite":"https://www.netflix.com/"},"dvdCountry":null,"externals":{"tvrage":null,"thetvdb":469095,"imdb":"tt31392119"},"image":{"medium":"https://static.tvmaze.com/uploads/images/medium_portrait/596/1491487.jpg","original":"https://static.tvmaze.com/uploads/images/original_untouched/596/1491487.jpg"},"summary":"&lt;p&gt;How did the Bad Guys break into the bad guy business in the first place? Find out in this hilarious prequel series set before the hit films.&lt;/p&gt;","updated":1762464289,"_links":{"self":{"href":"https://api.tvmaze.com/shows/87555"},"previousepisode":{"href":"https://api.tvmaze.com/episodes/3433109","name":"Crime After Crime"}}}},{"score":0.43534243,"show":{"id":37136,"url":"https://www.tvmaze.com/shows/37136/breaking-the-band","name":"Breaking the Band","type":"Documentary","language":"English","genres":[],"status":"Running","runtime":60,"averageRuntime":61,"premiered":"2018-06-10","ended":null,"officialSite":"https://www.reelz.com/breaking-the-band/","schedule":{"time":"20:00","days":["Sunday"]},"rating":{"average":null},"weight":44,"network":{"id":75,"name":"REELZ","country":{"name":"United States","code":"US","timezone":"America/New_York"},"officialSite":null},"webChannel":null,"dvdCountry":null,"externals":{"tvrage":null,"thetvdb":348998,"imdb":"tt8068670"},"image":{"medium":"https://static.tvmaze.com/uploads/images/medium_portrait/158/396509.jpg","original":"https://static.tvmaze.com/uploads/images/original_untouched/158/396509.jpg"},"summary":"&lt;p&gt;Sold out tours, chart-topping hits, and runaway world domination can all mean nothing when you're in a band on the brink of collapse. Tempers flare, arguments erupt and the sweet sound of musical success comes to an abrupt end. &lt;b&gt;Breaking the Band&lt;/b&gt; shows the battling egos, power struggles and inter-band rivalries that split up The Beatles, The Supremes, Fleetwood Mac, The Eagles, The Beach Boys, N.W.A, Van Halen and Sonny and Cher.&lt;/p&gt;&lt;p&gt;From crippling drug addictions to scandalous affairs &lt;i&gt;Breaking the Band&lt;/i&gt; uncovers the incredible true stories by recreating the key moments the cameras missed in addition to using rare band interviews and off-stage footage to piece together each dramatic tale.&lt;/p&gt;","updated":1653486517,"_links":{"self":{"href":"https://api.tvmaze.com/shows/37136"},"previousepisode":{"href":"https://api.tvmaze.com/episodes/2333163","name":"Skid Row"}}}},{"score":0.3801121,"show":{"id":39967,"url":"https://www.tvmaze.com/shows/39967/bradley-walsh-son-breaking-dad","name":"Bradley Walsh &amp; Son: Breaking Dad","type":"Reality","language":"English","genres":["Adventure","Travel"],"status":"Running","runtime":30,"averageRuntime":30,"premiered":"2019-01-02","ended":null,"officialSite":"https://www.itv.com/hub/bradley-barney-walsh-breaking-dad/2a5906","schedule":{"time":"",... (set the log level to DEBUG or TRACE to see the full content) 
 </msg>
<msg time="2025-11-07T14:52:04.216148" level="INFO">C:\Users\Michael Lee Hee\AppData\Local\Programs\Python\Python314\Lib\site-packages\urllib3\connectionpool.py:1097: InsecureRequestWarning: Unverified HTTPS request is being made to host 'api.tvmaze.com'. Adding certificate verification is strongly advised. See: https://urllib3.readthedocs.io/en/latest/advanced-usage.html#tls-warnings
  warnings.warn(</msg>
<msg time="2025-11-07T14:52:04.217020" level="INFO">${response} = &lt;Response [200]&gt;</msg>
<var>${response}</var>
<arg>tvmaze</arg>
<arg>/search/shows</arg>
<arg>params=${params}</arg>
<arg>expected_status=any</arg>
<doc>Sends a GET request on a previously created HTTP Session.</doc>
<status status="PASS" start="2025-11-07T14:52:03.831523" elapsed="0.386227"/>
</kw>
<return>
<value>${response}</value>
<status status="PASS" start="2025-11-07T14:52:04.218414" elapsed="0.000799"/>
</return>
<msg time="2025-11-07T14:52:04.220568" level="INFO">${search_response} = &lt;Response [200]&gt;</msg>
<var>${search_response}</var>
<arg>breaking bad</arg>
<status status="PASS" start="2025-11-07T14:52:03.826214" elapsed="0.398008"/>
</kw>
<kw name="Log TVMaze Response Info" owner="keywords_tvmaze">
<kw name="Set Variable" owner="BuiltIn">
<msg time="2025-11-07T14:52:04.229267" level="INFO">${status} = 200</msg>
<var>${status}</var>
<arg>${response.status_code}</arg>
<doc>Returns the given values which can then be assigned to a variables.</doc>
<status status="PASS" start="2025-11-07T14:52:04.227642" elapsed="0.002134"/>
</kw>
<kw name="Log To Console" owner="BuiltIn">
<arg>\n=== TVMaze API Response ===</arg>
<doc>Logs the given message to the console.</doc>
<status status="PASS" start="2025-11-07T14:52:04.230474" elapsed="0.001159"/>
</kw>
<kw name="Log To Console" owner="BuiltIn">
<arg>Status Code: ${status}</arg>
<doc>Logs the given message to the console.</doc>
<status status="PASS" start="2025-11-07T14:52:04.232247" elapsed="0.001219"/>
</kw>
<kw name="Call Method" owner="BuiltIn">
<msg time="2025-11-07T14:52:04.237916" level="INFO">${json} = [{'score': 1.201765, 'show': {'id': 169, 'url': 'https://www.tvmaze.com/shows/169/breaking-bad', 'name': 'Breaking Bad', 'type': 'Scripted', 'language': 'English', 'genres': ['Drama', 'Crime', 'Thrill...</msg>
<var>${json}</var>
<arg>${response}</arg>
<arg>json</arg>
<doc>Calls the named method of the given object with the provided arguments.</doc>
<status status="PASS" start="2025-11-07T14:52:04.234383" elapsed="0.004052"/>
</kw>
<kw name="Evaluate" owner="BuiltIn">
<msg time="2025-11-07T14:52:04.245308" level="INFO">${is_list} = True</msg>
<var>${is_list}</var>
<arg>isinstance(${json}, list)</arg>
<doc>Evaluates the given expression in Python and returns the result.</doc>
<status status="PASS" start="2025-11-07T14:52:04.238988" elapsed="0.006644"/>
</kw>
<kw name="Run Keyword If" owner="BuiltIn">
<kw name="Log Search Result" owner="keywords_tvmaze">
<kw name="Evaluate" owner="BuiltIn">
<msg time="2025-11-07T14:52:04.255476" level="INFO">${count} = 9</msg>
<var>${count}</var>
<arg>len(${json})</arg>
<doc>Evaluates the given expression in Python and returns the result.</doc>
<status status="PASS" start="2025-11-07T14:52:04.247732" elapsed="0.008785"/>
</kw>
<kw name="Log To Console" owner="BuiltIn">
<arg>Result Count: ${count}</arg>
<doc>Logs the given message to the console.</doc>
<status status="PASS" start="2025-11-07T14:52:04.257846" elapsed="0.002128"/>
</kw>
<kw name="Log To Console" owner="BuiltIn">
<arg>First Match: ${json[0]['show']['name']}</arg>
<doc>Logs the given message to the console.</doc>
<status status="PASS" start="2025-11-07T14:52:04.261251" elapsed="0.002102"/>
</kw>
<kw name="Log To Console" owner="BuiltIn">
<arg>Show ID: ${json[0]['show']['id']}</arg>
<doc>Logs the given message to the console.</doc>
<status status="PASS" start="2025-11-07T14:52:04.264264" elapsed="0.002553"/>
</kw>
<arg>${json}</arg>
<status status="PASS" start="2025-11-07T14:52:04.246913" elapsed="0.020589"/>
</kw>
<arg>${is_list}</arg>
<arg>Log Search Result</arg>
<arg>${json}</arg>
<doc>Runs the given keyword with the given arguments, if ``condition`` is true.</doc>
<status status="PASS" start="2025-11-07T14:52:04.246101" elapsed="0.027785"/>
</kw>
<kw name="Run Keyword If" owner="BuiltIn">
<arg>not ${is_list}</arg>
<arg>Log Show Details</arg>
<arg>${json}</arg>
<doc>Runs the given keyword with the given arguments, if ``condition`` is true.</doc>
<status status="PASS" start="2025-11-07T14:52:04.275703" elapsed="0.002610"/>
</kw>
<kw name="Log To Console" owner="BuiltIn">
<arg>=================================\n</arg>
<doc>Logs the given message to the console.</doc>
<status status="PASS" start="2025-11-07T14:52:04.279588" elapsed="0.001557"/>
</kw>
<arg>${search_response}</arg>
<status status="PASS" start="2025-11-07T14:52:04.226338" elapsed="0.055746"/>
</kw>
<kw name="Should Be Equal As Integers" owner="BuiltIn">
<msg time="2025-11-07T14:52:04.289359" level="INFO">Argument types are:
&lt;class 'int'&gt;
&lt;class 'str'&gt;</msg>
<arg>${search_response.status_code}</arg>
<arg>200</arg>
<doc>Fails if objects are unequal after converting them to integers.</doc>
<status status="PASS" start="2025-11-07T14:52:04.285445" elapsed="0.005026"/>
</kw>
<kw name="Extract First Show Id From Search" owner="keywords_tvmaze">
<kw name="Call Method" owner="BuiltIn">
<msg time="2025-11-07T14:52:04.296495" level="INFO">${json} = [{'score': 1.201765, 'show': {'id': 169, 'url': 'https://www.tvmaze.com/shows/169/breaking-bad', 'name': 'Breaking Bad', 'type': 'Scripted', 'language': 'English', 'genres': ['Drama', 'Crime', 'Thrill...</msg>
<var>${json}</var>
<arg>${response}</arg>
<arg>json</arg>
<doc>Calls the named method of the given object with the provided arguments.</doc>
<status status="PASS" start="2025-11-07T14:52:04.294852" elapsed="0.001967"/>
</kw>
<kw name="Set Variable" owner="BuiltIn">
<msg time="2025-11-07T14:52:04.299391" level="INFO">${first} = 169</msg>
<var>${first}</var>
<arg>${json[0]['show']['id']}</arg>
<doc>Returns the given values which can then be assigned to a variables.</doc>
<status status="PASS" start="2025-11-07T14:52:04.297280" elapsed="0.002488"/>
</kw>
<return>
<value>${first}</value>
<status status="PASS" start="2025-11-07T14:52:04.300120" elapsed="0.000335"/>
</return>
<msg time="2025-11-07T14:52:04.301025" level="INFO">${show_id} = 169</msg>
<var>${show_id}</var>
<arg>${search_response}</arg>
<status status="PASS" start="2025-11-07T14:52:04.293537" elapsed="0.007766"/>
</kw>
<kw name="Get Show By Id" owner="keywords_tvmaze">
<kw name="GET On Session" owner="RequestsLibrary">
<msg time="2025-11-07T14:52:04.345550" level="INFO">GET Request : url=https://api.tvmaze.com/shows/169 
 path_url=/shows/169 
 headers={'User-Agent': 'python-requests/2.32.5', 'Accept-Encoding': 'gzip, deflate, zstd', 'Accept': '*/*', 'Connection': 'keep-alive'} 
 body=None 
 </msg>
<msg time="2025-11-07T14:52:04.346525" level="INFO">GET Response : url=https://api.tvmaze.com/shows/169 
 status=200, reason=OK 
 headers={'Server': 'nginx/1.24.0 (Ubuntu)', 'Date': 'Fri, 07 Nov 2025 13:52:04 GMT', 'Content-Type': 'application/json; charset=UTF-8', 'Transfer-Encoding': 'chunked', 'Connection': 'keep-alive', 'Vary': 'Accept-Encoding', 'Access-Control-Allow-Origin': '*', 'Cache-Control': 'public, max-age=3600', 'Content-Encoding': 'gzip'} 
 body={"id":169,"url":"https://www.tvmaze.com/shows/169/breaking-bad","name":"Breaking Bad","type":"Scripted","language":"English","genres":["Drama","Crime","Thriller"],"status":"Ended","runtime":60,"averageRuntime":60,"premiered":"2008-01-20","ended":"2019-10-11","officialSite":"http://www.amc.com/shows/breaking-bad","schedule":{"time":"22:00","days":["Sunday"]},"rating":{"average":9.2},"weight":98,"network":{"id":20,"name":"AMC","country":{"name":"United States","code":"US","timezone":"America/New_York"},"officialSite":null},"webChannel":null,"dvdCountry":null,"externals":{"tvrage":18164,"thetvdb":81189,"imdb":"tt0903747"},"image":{"medium":"https://static.tvmaze.com/uploads/images/medium_portrait/501/1253519.jpg","original":"https://static.tvmaze.com/uploads/images/original_untouched/501/1253519.jpg"},"summary":"&lt;p&gt;&lt;b&gt;Breaking Bad&lt;/b&gt; follows protagonist Walter White, a chemistry teacher who lives in New Mexico with his wife and teenage son who has cerebral palsy. White is diagnosed with Stage III cancer and given a prognosis of two years left to live. With a new sense of fearlessness based on his medical prognosis, and a desire to secure his family's financial security, White chooses to enter a dangerous world of drugs and crime and ascends to power in this world. The series explores how a fatal diagnosis such as White's releases a typical man from the daily concerns and constraints of normal society and follows his transformation from mild family man to a kingpin of the drug trade.&lt;/p&gt;","updated":1758320323,"_links":{"self":{"href":"https://api.tvmaze.com/shows/169"},"previousepisode":{"href":"https://api.tvmaze.com/episodes/2007806","name":"El Camino: A Breaking Bad Movie"}}} 
 </msg>
<msg time="2025-11-07T14:52:04.347321" level="INFO">C:\Users\Michael Lee Hee\AppData\Local\Programs\Python\Python314\Lib\site-packages\urllib3\connectionpool.py:1097: InsecureRequestWarning: Unverified HTTPS request is being made to host 'api.tvmaze.com'. Adding certificate verification is strongly advised. See: https://urllib3.readthedocs.io/en/latest/advanced-usage.html#tls-warnings
  warnings.warn(</msg>
<msg time="2025-11-07T14:52:04.349170" level="INFO">${response} = &lt;Response [200]&gt;</msg>
<var>${response}</var>
<arg>tvmaze</arg>
<arg>/shows/${id}</arg>
<arg>expected_status=any</arg>
<doc>Sends a GET request on a previously created HTTP Session.</doc>
<status status="PASS" start="2025-11-07T14:52:04.308296" elapsed="0.041430"/>
</kw>
<return>
<value>${response}</value>
<status status="PASS" start="2025-11-07T14:52:04.350165" elapsed="0.000340"/>
</return>
<msg time="2025-11-07T14:52:04.351141" level="INFO">${details_response} = &lt;Response [200]&gt;</msg>
<var>${details_response}</var>
<arg>${show_id}</arg>
<status status="PASS" start="2025-11-07T14:52:04.305283" elapsed="0.046054"/>
</kw>
<kw name="Log TVMaze Response Info" owner="keywords_tvmaze">
<kw name="Set Variable" owner="BuiltIn">
<msg time="2025-11-07T14:52:04.365501" level="INFO">${status} = 200</msg>
<var>${status}</var>
<arg>${response.status_code}</arg>
<doc>Returns the given values which can then be assigned to a variables.</doc>
<status status="PASS" start="2025-11-07T14:52:04.360634" elapsed="0.006019"/>
</kw>
<kw name="Log To Console" owner="BuiltIn">
<arg>\n=== TVMaze API Response ===</arg>
<doc>Logs the given message to the console.</doc>
<status status="PASS" start="2025-11-07T14:52:04.368276" elapsed="0.003306"/>
</kw>
<kw name="Log To Console" owner="BuiltIn">
<arg>Status Code: ${status}</arg>
<doc>Logs the given message to the console.</doc>
<status status="PASS" start="2025-11-07T14:52:04.373145" elapsed="0.001869"/>
</kw>
<kw name="Call Method" owner="BuiltIn">
<msg time="2025-11-07T14:52:04.377749" level="INFO">${json} = {'id': 169, 'url': 'https://www.tvmaze.com/shows/169/breaking-bad', 'name': 'Breaking Bad', 'type': 'Scripted', 'language': 'English', 'genres': ['Drama', 'Crime', 'Thriller'], 'status': 'Ended', 'run...</msg>
<var>${json}</var>
<arg>${response}</arg>
<arg>json</arg>
<doc>Calls the named method of the given object with the provided arguments.</doc>
<status status="PASS" start="2025-11-07T14:52:04.375961" elapsed="0.002428"/>
</kw>
<kw name="Evaluate" owner="BuiltIn">
<msg time="2025-11-07T14:52:04.381606" level="INFO">${is_list} = False</msg>
<var>${is_list}</var>
<arg>isinstance(${json}, list)</arg>
<doc>Evaluates the given expression in Python and returns the result.</doc>
<status status="PASS" start="2025-11-07T14:52:04.379255" elapsed="0.002730"/>
</kw>
<kw name="Run Keyword If" owner="BuiltIn">
<arg>${is_list}</arg>
<arg>Log Search Result</arg>
<arg>${json}</arg>
<doc>Runs the given keyword with the given arguments, if ``condition`` is true.</doc>
<status status="PASS" start="2025-11-07T14:52:04.382527" elapsed="0.000603"/>
</kw>
<kw name="Run Keyword If" owner="BuiltIn">
<kw name="Log Show Details" owner="keywords_tvmaze">
<kw name="Log To Console" owner="BuiltIn">
<arg>Show Name: ${json['name']}</arg>
<doc>Logs the given message to the console.</doc>
<status status="PASS" start="2025-11-07T14:52:04.389989" elapsed="0.004614"/>
</kw>
<kw name="Log To Console" owner="BuiltIn">
<arg>Page URL: ${json['url']}</arg>
<doc>Logs the given message to the console.</doc>
<status status="PASS" start="2025-11-07T14:52:04.396151" elapsed="0.004150"/>
</kw>
<kw name="Log To Console" owner="BuiltIn">
<arg>Show ID: ${json['id']}</arg>
<doc>Logs the given message to the console.</doc>
<status status="PASS" start="2025-11-07T14:52:04.401483" elapsed="0.006146"/>
</kw>
<arg>${json}</arg>
<status status="PASS" start="2025-11-07T14:52:04.384365" elapsed="0.024397"/>
</kw>
<arg>not ${is_list}</arg>
<arg>Log Show Details</arg>
<arg>${json}</arg>
<doc>Runs the given keyword with the given arguments, if ``condition`` is true.</doc>
<status status="PASS" start="2025-11-07T14:52:04.383539" elapsed="0.026320"/>
</kw>
<kw name="Log To Console" owner="BuiltIn">
<arg>=================================\n</arg>
<doc>Logs the given message to the console.</doc>
<status status="PASS" start="2025-11-07T14:52:04.410900" elapsed="0.001912"/>
</kw>
<arg>${details_response}</arg>
<status status="PASS" start="2025-11-07T14:52:04.357451" elapsed="0.056515"/>
</kw>
<kw name="Should Be Equal As Integers" owner="BuiltIn">
<msg time="2025-11-07T14:52:04.419777" level="INFO">Argument types are:
&lt;class 'int'&gt;
&lt;class 'str'&gt;</msg>
<arg>${details_response.status_code}</arg>
<arg>200</arg>
<doc>Fails if objects are unequal after converting them to integers.</doc>
<status status="PASS" start="2025-11-07T14:52:04.416267" elapsed="0.004776"/>
</kw>
<kw name="Assert Show URL Contains Id" owner="keywords_tvmaze">
<kw name="Call Method" owner="BuiltIn">
<msg time="2025-11-07T14:52:04.426545" level="INFO">${json} = {'id': 169, 'url': 'https://www.tvmaze.com/shows/169/breaking-bad', 'name': 'Breaking Bad', 'type': 'Scripted', 'language': 'English', 'genres': ['Drama', 'Crime', 'Thriller'], 'status': 'Ended', 'run...</msg>
<var>${json}</var>
<arg>${response}</arg>
<arg>json</arg>
<doc>Calls the named method of the given object with the provided arguments.</doc>
<status status="PASS" start="2025-11-07T14:52:04.425496" elapsed="0.001437"/>
</kw>
<kw name="Set Variable" owner="BuiltIn">
<msg time="2025-11-07T14:52:04.429278" level="INFO">${url} = https://www.tvmaze.com/shows/169/breaking-bad</msg>
<var>${url}</var>
<arg>${json['url']}</arg>
<doc>Returns the given values which can then be assigned to a variables.</doc>
<status status="PASS" start="2025-11-07T14:52:04.427472" elapsed="0.002189"/>
</kw>
<kw name="Convert To String" owner="BuiltIn">
<msg time="2025-11-07T14:52:04.432068" level="INFO">${id_as_string} = 169</msg>
<var>${id_as_string}</var>
<arg>${id}</arg>
<doc>Converts the given item to a Unicode string.</doc>
<status status="PASS" start="2025-11-07T14:52:04.430549" elapsed="0.001888"/>
</kw>
<kw name="Should Contain" owner="BuiltIn">
<arg>${url}</arg>
<arg>${id_as_string}</arg>
<doc>Fails if ``container`` does not contain ``item`` one or more times.</doc>
<status status="PASS" start="2025-11-07T14:52:04.432888" elapsed="0.000658"/>
</kw>
<arg>${details_response}</arg>
<arg>${show_id}</arg>
<status status="PASS" start="2025-11-07T14:52:04.423996" elapsed="0.009988"/>
</kw>
<kw name="Log TVMaze Response Info" owner="keywords_tvmaze">
<kw name="Set Variable" owner="BuiltIn">
<msg time="2025-11-07T14:52:04.443087" level="INFO">${status} = 200</msg>
<var>${status}</var>
<arg>${response.status_code}</arg>
<doc>Returns the given values which can then be assigned to a variables.</doc>
<status status="PASS" start="2025-11-07T14:52:04.440375" elapsed="0.003188"/>
</kw>
<kw name="Log To Console" owner="BuiltIn">
<arg>\n=== TVMaze API Response ===</arg>
<doc>Logs the given message to the console.</doc>
<status status="PASS" start="2025-11-07T14:52:04.444283" elapsed="0.001058"/>
</kw>
<kw name="Log To Console" owner="BuiltIn">
<arg>Status Code: ${status}</arg>
<doc>Logs the given message to the console.</doc>
<status status="PASS" start="2025-11-07T14:52:04.445938" elapsed="0.000953"/>
</kw>
<kw name="Call Method" owner="BuiltIn">
<msg time="2025-11-07T14:52:04.449165" level="INFO">${json} = {'id': 169, 'url': 'https://www.tvmaze.com/shows/169/breaking-bad', 'name': 'Breaking Bad', 'type': 'Scripted', 'language': 'English', 'genres': ['Drama', 'Crime', 'Thriller'], 'status': 'Ended', 'run...</msg>
<var>${json}</var>
<arg>${response}</arg>
<arg>json</arg>
<doc>Calls the named method of the given object with the provided arguments.</doc>
<status status="PASS" start="2025-11-07T14:52:04.447722" elapsed="0.001942"/>
</kw>
<kw name="Evaluate" owner="BuiltIn">
<msg time="2025-11-07T14:52:04.455489" level="INFO">${is_list} = False</msg>
<var>${is_list}</var>
<arg>isinstance(${json}, list)</arg>
<doc>Evaluates the given expression in Python and returns the result.</doc>
<status status="PASS" start="2025-11-07T14:52:04.450408" elapsed="0.006114"/>
</kw>
<kw name="Run Keyword If" owner="BuiltIn">
<arg>${is_list}</arg>
<arg>Log Search Result</arg>
<arg>${json}</arg>
<doc>Runs the given keyword with the given arguments, if ``condition`` is true.</doc>
<status status="PASS" start="2025-11-07T14:52:04.457330" elapsed="0.000835"/>
</kw>
<kw name="Run Keyword If" owner="BuiltIn">
<kw name="Log Show Details" owner="keywords_tvmaze">
<kw name="Log To Console" owner="BuiltIn">
<arg>Show Name: ${json['name']}</arg>
<doc>Logs the given message to the console.</doc>
<status status="PASS" start="2025-11-07T14:52:04.461169" elapsed="0.002424"/>
</kw>
<kw name="Log To Console" owner="BuiltIn">
<arg>Page URL: ${json['url']}</arg>
<doc>Logs the given message to the console.</doc>
<status status="PASS" start="2025-11-07T14:52:04.464675" elapsed="0.003187"/>
</kw>
<kw name="Log To Console" owner="BuiltIn">
<arg>Show ID: ${json['id']}</arg>
<doc>Logs the given message to the console.</doc>
<status status="PASS" start="2025-11-07T14:52:04.469185" elapsed="0.004651"/>
</kw>
<arg>${json}</arg>
<status status="PASS" start="2025-11-07T14:52:04.459894" elapsed="0.014693"/>
</kw>
<arg>not ${is_list}</arg>
<arg>Log Show Details</arg>
<arg>${json}</arg>
<doc>Runs the given keyword with the given arguments, if ``condition`` is true.</doc>
<status status="PASS" start="2025-11-07T14:52:04.458745" elapsed="0.016553"/>
</kw>
<kw name="Log To Console" owner="BuiltIn">
<arg>=================================\n</arg>
<doc>Logs the given message to the console.</doc>
<status status="PASS" start="2025-11-07T14:52:04.475927" elapsed="0.001057"/>
</kw>
<arg>${details_response}</arg>
<status status="PASS" start="2025-11-07T14:52:04.438553" elapsed="0.038866"/>
</kw>
<status status="PASS" start="2025-11-07T14:52:03.809167" elapsed="0.669652"/>
</test>
<status status="PASS" start="2025-11-07T14:52:03.515444" elapsed="0.968727"/>
</suite>
<statistics>
<total>
<stat pass="1" fail="0" skip="0">All Tests</stat>
</total>
<tag>
</tag>
<suite>
<stat name="Test Tvmaze Breaking Bad" id="s1" pass="1" fail="0" skip="0">Test Tvmaze Breaking Bad</stat>
</suite>
</statistics>
<errors>
</errors>
</robot>
